<?xml version="1.0" encoding="UTF-8"?>
<!-- Generated by org.testng.reporters.JUnitReportReporter -->
<testsuite skipped="0" hostname="LAPTOP-AUG5HGQL" name="com.iceland.qa.tests.SignInPageTest" tests="3" failures="0" timestamp="04 Nov 2020 01:23:31 GMT" time="123.222" errors="0">
  <testcase name="SignInPageTitleTest" time="47.443" classname="com.iceland.qa.tests.SignInPageTest"/>
  <testcase name="IcelandlogoImageTest" time="37.436" classname="com.iceland.qa.tests.SignInPageTest"/>
  <testcase name="signInPageTest" time="38.343" classname="com.iceland.qa.tests.SignInPageTest"/>
</testsuite> <!-- com.iceland.qa.tests.SignInPageTest -->
