<?xml version="1.0" encoding="UTF-8"?>
<!-- Generated by org.testng.reporters.JUnitReportReporter -->
<testsuite skipped="0" hostname="LAPTOP-AUG5HGQL" name="com.iceland.qa.tests.HomePageTest" tests="3" failures="0" timestamp="04 Nov 2020 03:49:28 GMT" time="190.575" errors="0">
  <testcase name="verifyHomePageTitle" time="40.063" classname="com.iceland.qa.tests.HomePageTest"/>
  <testcase name="verifyWelcomebackTosinTest" time="52.490" classname="com.iceland.qa.tests.HomePageTest"/>
  <testcase name="verifyIcelandlogoImageHomePageTest" time="98.022" classname="com.iceland.qa.tests.HomePageTest"/>
</testsuite> <!-- com.iceland.qa.tests.HomePageTest -->
